<?xml version="1.0" encoding="UTF-8"?>
<!-- Generated by org.testng.reporters.JUnitReportReporter -->
<testsuite hostname="swati-PC" name="TestNgPackage.TestNGPractice" tests="1" failures="0" timestamp="8 Nov 2019 09:14:16 GMT" time="0.008" errors="0">
  <testcase name="m1" time="0.008" classname="TestNgPackage.TestNGPractice"/>
</testsuite> <!-- TestNgPackage.TestNGPractice -->
