<?xml version="1.0" encoding="UTF-8"?>
<!-- Generated by org.testng.reporters.JUnitReportReporter -->
<testsuite hostname="swati-PC" name="TestNgPackage.TestClassforTestNG" tests="1" failures="0" timestamp="8 Nov 2019 09:06:08 GMT" time="0.012" errors="0">
  <testcase name="newMethod" time="0.012" classname="TestNgPackage.TestClassforTestNG"/>
</testsuite> <!-- TestNgPackage.TestClassforTestNG -->
