<?xml version="1.0" encoding="UTF-8"?>
<!-- Generated by org.testng.reporters.JUnitReportReporter -->
<testsuite hostname="swati-PC" name="TestNgPackage.ChekingParameterAnotation" tests="1" failures="0" timestamp="3 Jan 2020 16:54:20 GMT" time="0.021" errors="0">
  <testcase name="ckeckingParameter" time="0.021" classname="TestNgPackage.ChekingParameterAnotation"/>
</testsuite> <!-- TestNgPackage.ChekingParameterAnotation -->
