<?xml version="1.0" encoding="UTF-8"?>
<!-- Generated by org.testng.reporters.JUnitReportReporter -->
<testsuite hostname="swati-PC" name="TestNgPackage.TestNgGroupB" tests="1" failures="0" timestamp="9 Nov 2019 03:51:01 GMT" time="0.006" errors="0">
  <testcase name="m3" time="0.006" classname="TestNgPackage.TestNgGroupB"/>
</testsuite> <!-- TestNgPackage.TestNgGroupB -->
