<?xml version="1.0" encoding="UTF-8"?>
<!-- Generated by org.testng.reporters.JUnitReportReporter -->
<testsuite hostname="swati-PC" name="TestNgPackage.TestParameters" tests="2" failures="0" timestamp="5 Jan 2020 08:15:04 GMT" time="0.023" errors="0">
  <testcase name="textCaseTwo" time="0.002" classname="TestNgPackage.TestParameters"/>
  <testcase name="testCaseOne" time="0.021" classname="TestNgPackage.TestParameters"/>
</testsuite> <!-- TestNgPackage.TestParameters -->
