<?xml version="1.0" encoding="UTF-8"?>
<!-- Generated by org.testng.reporters.JUnitReportReporter -->
<testsuite hostname="swati-PC" name="TestNgPackage.TestNggroups" tests="4" failures="0" timestamp="4 Dec 2019 08:56:33 GMT" time="0.025" errors="0">
  <testcase name="m2" time="0.003" classname="TestNgPackage.TestNggroups"/>
  <testcase name="m3" time="0.004" classname="TestNgPackage.TestNggroups"/>
  <testcase name="logIn" time="0.016" classname="TestNgPackage.TestNggroups"/>
  <testcase name="m1" time="0.002" classname="TestNgPackage.TestNggroups"/>
</testsuite> <!-- TestNgPackage.TestNggroups -->
