<?xml version="1.0" encoding="UTF-8"?>
<!-- Generated by org.testng.reporters.JUnitReportReporter -->
<testsuite hostname="swati-PC" name="TestNgPackage.TestNgGroupC" tests="1" failures="0" timestamp="9 Nov 2019 03:51:01 GMT" time="0.002" errors="0">
  <testcase name="m4" time="0.002" classname="TestNgPackage.TestNgGroupC"/>
</testsuite> <!-- TestNgPackage.TestNgGroupC -->
