<?xml version="1.0" encoding="UTF-8"?>
<!-- Generated by org.testng.reporters.JUnitReportReporter -->
<testsuite hostname="swati-PC" name="TestNgPackage.yahooMailTest" tests="4" failures="0" timestamp="4 Dec 2019 07:43:23 GMT" time="0.018" errors="0">
  <testcase name="sentItemsMailTest" time="0.003" classname="TestNgPackage.yahooMailTest"/>
  <testcase name="searchMailTest" time="0.004" classname="TestNgPackage.yahooMailTest"/>
  <testcase name="deleteMailTest" time="0.003" classname="TestNgPackage.yahooMailTest"/>
  <testcase name="composeMailTest" time="0.008" classname="TestNgPackage.yahooMailTest"/>
</testsuite> <!-- TestNgPackage.yahooMailTest -->
