<?xml version="1.0" encoding="UTF-8"?>
<!-- Generated by org.testng.reporters.JUnitReportReporter -->
<testsuite hostname="swati-PC" name="TestNgPackage.SignUp" tests="9" failures="0" timestamp="9 Nov 2019 06:41:00 GMT" time="0.037" errors="0">
  <testcase name="TC_2" time="0.003" classname="TestNgPackage.SignUp"/>
  <testcase name="TC_3" time="0.003" classname="TestNgPackage.SignUp"/>
  <testcase name="TC_4" time="0.003" classname="TestNgPackage.SignUp"/>
  <testcase name="positiveTestCase" time="0.002" classname="TestNgPackage.SignUp"/>
  <testcase name="positiveTestCase" time="0.002" classname="TestNgPackage.SignUp"/>
  <testcase name="TC_4" time="0.003" classname="TestNgPackage.SignUp"/>
  <testcase name="TC_1" time="0.017" classname="TestNgPackage.SignUp"/>
  <testcase name="positiveTestCase" time="0.002" classname="TestNgPackage.SignUp"/>
  <testcase name="TC_4" time="0.002" classname="TestNgPackage.SignUp"/>
</testsuite> <!-- TestNgPackage.SignUp -->
