<?xml version="1.0" encoding="UTF-8"?>
<!-- Generated by org.testng.reporters.JUnitReportReporter -->
<testsuite hostname="swati-PC" name="TestNgPackage.TestingAnnotations" tests="2" failures="0" timestamp="8 Nov 2019 09:04:00 GMT" time="0.014" errors="0">
  <testcase name="m1" time="0.012" classname="TestNgPackage.TestingAnnotations"/>
  <testcase name="m3" time="0.002" classname="TestNgPackage.TestingAnnotations"/>
</testsuite> <!-- TestNgPackage.TestingAnnotations -->
