<?xml version="1.0" encoding="UTF-8"?>
<!-- Generated by org.testng.reporters.JUnitReportReporter -->
<testsuite hostname="swati-PC" name="TestNgPackage.TestNgGroupA" tests="2" failures="0" timestamp="9 Nov 2019 03:51:01 GMT" time="0.016" errors="0">
  <testcase name="m1" time="0.014" classname="TestNgPackage.TestNgGroupA"/>
  <testcase name="m3" time="0.002" classname="TestNgPackage.TestNgGroupA"/>
</testsuite> <!-- TestNgPackage.TestNgGroupA -->
