<?xml version="1.0" encoding="UTF-8"?>
<!-- Generated by org.testng.reporters.JUnitReportReporter -->
<testsuite hostname="swati-PC" name="com.wordpress.TestCases.VerifyWordpressLogIn" tests="1" failures="0" timestamp="10 Dec 2019 16:06:42 GMT" time="17.025" errors="0">
  <testcase name="verifyValidLogIn" time="17.025" classname="com.wordpress.TestCases.VerifyWordpressLogIn"/>
</testsuite> <!-- com.wordpress.TestCases.VerifyWordpressLogIn -->
