<?xml version="1.0" encoding="UTF-8"?>
<!-- Generated by org.testng.reporters.JUnitReportReporter -->
<testsuite hostname="swati-PC" name="ExtendReportPkg.extendReportDemo" tests="1" failures="0" timestamp="16 Dec 2019 16:41:48 GMT" time="0.264" errors="0">
  <testcase name="logInTest" time="0.264" classname="ExtendReportPkg.extendReportDemo"/>
</testsuite> <!-- ExtendReportPkg.extendReportDemo -->
