<?xml version="1.0" encoding="UTF-8"?>
<!-- Generated by org.testng.reporters.JUnitReportReporter -->
<testsuite hostname="swati-PC" name="Regration.Regrassion" tests="1" failures="0" timestamp="2 Dec 2019 06:15:37 GMT" time="13.778" errors="0">
  <testcase name="TC_01" time="13.778" classname="Regration.Regrassion"/>
</testsuite> <!-- Regration.Regrassion -->
