<?xml version="1.0" encoding="UTF-8"?>
<!-- Generated by org.testng.reporters.JUnitReportReporter -->
<testsuite hostname="swati-PC" name="DDT.wordPressLogIn" tests="3" failures="0" timestamp="3 Dec 2019 07:06:02 GMT" time="46.754" errors="0">
  <testcase name="logIntoWordPress" time="14.870" classname="DDT.wordPressLogIn"/>
  <testcase name="logIntoWordPress" time="16.597" classname="DDT.wordPressLogIn"/>
  <testcase name="logIntoWordPress" time="15.287" classname="DDT.wordPressLogIn"/>
</testsuite> <!-- DDT.wordPressLogIn -->
